<?xml version="1.0" encoding="UTF-8"?>
<testng-results ignored="0" total="3" passed="3" failed="0" skipped="0">
  <reporter-output>
  </reporter-output>
  <suite started-at="2023-09-27T12:15:47 IST" name="Default suite" finished-at="2023-09-27T12:15:47 IST" duration-ms="120">
    <groups>
    </groups>
    <test started-at="2023-09-27T12:15:47 IST" name="Default test" finished-at="2023-09-27T12:15:47 IST" duration-ms="120">
      <class name="com.lao.selenium.testNg.HierarchyExample">
        <test-method is-config="true" signature="beforeSuite()[pri:0, instance:com.lao.selenium.testNg.HierarchyExample@6a370f4]" started-at="2023-09-27T12:15:46 IST" name="beforeSuite" finished-at="2023-09-27T12:15:47 IST" duration-ms="19" status="PASS">
          <reporter-output>
          </reporter-output>
        </test-method> <!-- beforeSuite -->
        <test-method is-config="true" signature="beforeTest()[pri:0, instance:com.lao.selenium.testNg.HierarchyExample@6a370f4]" started-at="2023-09-27T12:15:47 IST" name="beforeTest" finished-at="2023-09-27T12:15:47 IST" duration-ms="1" status="PASS">
          <reporter-output>
          </reporter-output>
        </test-method> <!-- beforeTest -->
        <test-method is-config="true" signature="beforeClass()[pri:0, instance:com.lao.selenium.testNg.HierarchyExample@6a370f4]" started-at="2023-09-27T12:15:47 IST" name="beforeClass" finished-at="2023-09-27T12:15:47 IST" duration-ms="1" status="PASS">
          <reporter-output>
          </reporter-output>
        </test-method> <!-- beforeClass -->
        <test-method is-config="true" signature="beforeMethod()[pri:0, instance:com.lao.selenium.testNg.HierarchyExample@6a370f4]" started-at="2023-09-27T12:15:47 IST" name="beforeMethod" finished-at="2023-09-27T12:15:47 IST" duration-ms="0" status="PASS">
          <reporter-output>
          </reporter-output>
        </test-method> <!-- beforeMethod -->
        <test-method signature="test()[pri:0, instance:com.lao.selenium.testNg.HierarchyExample@6a370f4]" started-at="2023-09-27T12:15:47 IST" name="test" finished-at="2023-09-27T12:15:47 IST" duration-ms="18" status="PASS">
          <reporter-output>
          </reporter-output>
        </test-method> <!-- test -->
        <test-method is-config="true" signature="afterMethod()[pri:0, instance:com.lao.selenium.testNg.HierarchyExample@6a370f4]" started-at="2023-09-27T12:15:47 IST" name="afterMethod" finished-at="2023-09-27T12:15:47 IST" duration-ms="1" status="PASS">
          <reporter-output>
          </reporter-output>
        </test-method> <!-- afterMethod -->
        <test-method is-config="true" signature="beforeMethod()[pri:0, instance:com.lao.selenium.testNg.HierarchyExample@6a370f4]" started-at="2023-09-27T12:15:47 IST" name="beforeMethod" finished-at="2023-09-27T12:15:47 IST" duration-ms="0" status="PASS">
          <reporter-output>
          </reporter-output>
        </test-method> <!-- beforeMethod -->
        <test-method signature="test()[pri:0, instance:com.lao.selenium.testNg.HierarchyExample@6a370f4]" started-at="2023-09-27T12:15:47 IST" name="test" finished-at="2023-09-27T12:15:47 IST" duration-ms="7" status="PASS">
          <reporter-output>
          </reporter-output>
        </test-method> <!-- test -->
        <test-method is-config="true" signature="afterMethod()[pri:0, instance:com.lao.selenium.testNg.HierarchyExample@6a370f4]" started-at="2023-09-27T12:15:47 IST" name="afterMethod" finished-at="2023-09-27T12:15:47 IST" duration-ms="1" status="PASS">
          <reporter-output>
          </reporter-output>
        </test-method> <!-- afterMethod -->
        <test-method is-config="true" signature="beforeMethod()[pri:0, instance:com.lao.selenium.testNg.HierarchyExample@6a370f4]" started-at="2023-09-27T12:15:47 IST" name="beforeMethod" finished-at="2023-09-27T12:15:47 IST" duration-ms="1" status="PASS">
          <reporter-output>
          </reporter-output>
        </test-method> <!-- beforeMethod -->
        <test-method signature="test()[pri:0, instance:com.lao.selenium.testNg.HierarchyExample@6a370f4]" started-at="2023-09-27T12:15:47 IST" name="test" finished-at="2023-09-27T12:15:47 IST" duration-ms="10" status="PASS">
          <reporter-output>
          </reporter-output>
        </test-method> <!-- test -->
        <test-method is-config="true" signature="afterMethod()[pri:0, instance:com.lao.selenium.testNg.HierarchyExample@6a370f4]" started-at="2023-09-27T12:15:47 IST" name="afterMethod" finished-at="2023-09-27T12:15:47 IST" duration-ms="0" status="PASS">
          <reporter-output>
          </reporter-output>
        </test-method> <!-- afterMethod -->
        <test-method is-config="true" signature="afterClass()[pri:0, instance:com.lao.selenium.testNg.HierarchyExample@6a370f4]" started-at="2023-09-27T12:15:47 IST" name="afterClass" finished-at="2023-09-27T12:15:47 IST" duration-ms="0" status="PASS">
          <reporter-output>
          </reporter-output>
        </test-method> <!-- afterClass -->
        <test-method is-config="true" signature="afterTest()[pri:0, instance:com.lao.selenium.testNg.HierarchyExample@6a370f4]" started-at="2023-09-27T12:15:47 IST" name="afterTest" finished-at="2023-09-27T12:15:47 IST" duration-ms="4" status="PASS">
          <reporter-output>
          </reporter-output>
        </test-method> <!-- afterTest -->
        <test-method is-config="true" signature="afterSuite()[pri:0, instance:com.lao.selenium.testNg.HierarchyExample@6a370f4]" started-at="2023-09-27T12:15:47 IST" name="afterSuite" finished-at="2023-09-27T12:15:47 IST" duration-ms="2" status="PASS">
          <reporter-output>
          </reporter-output>
        </test-method> <!-- afterSuite -->
      </class> <!-- com.lao.selenium.testNg.HierarchyExample -->
    </test> <!-- Default test -->
  </suite> <!-- Default suite -->
</testng-results>
