<?xml version="1.0" encoding="UTF-8"?>
<!-- Generated by org.testng.reporters.JUnitXMLReporter -->
<testsuite ignored="0" hostname="DESKTOP-ACA6P4J" failures="0" tests="3" name="Default test" time="0.12" errors="0" timestamp="2023-09-27T12:15:47 IST">
  <testcase classname="com.lao.selenium.testNg.HierarchyExample" name="test" time="0.018"/>
  <testcase classname="com.lao.selenium.testNg.HierarchyExample" name="test" time="0.007"/>
  <testcase classname="com.lao.selenium.testNg.HierarchyExample" name="test" time="0.01"/>
</testsuite> <!-- Default test -->
